2017-11-14 19:36:41,180 [Worker-2] INFO  c.g.t.t.d.PublishedGradleVersions - Gradle version information cache is out-of-date. Trying to update.
2017-11-14 19:59:36,063 [Worker-2] INFO  c.g.t.t.d.PublishedGradleVersions - Gradle version information cache is up-to-date. Trying to read.
2017-11-21 16:05:49,341 [Worker-1] INFO  c.g.t.t.d.PublishedGradleVersions - Gradle version information cache is out-of-date. Trying to update.
2017-11-25 17:02:58,977 [Worker-1] INFO  c.g.t.t.d.PublishedGradleVersions - Gradle version information cache is out-of-date. Trying to update.
2017-11-30 19:22:12,598 [Worker-1] INFO  c.g.t.t.d.PublishedGradleVersions - Gradle version information cache is out-of-date. Trying to update.
2017-12-03 13:21:23,637 [Worker-1] INFO  c.g.t.t.d.PublishedGradleVersions - Gradle version information cache is out-of-date. Trying to update.
2017-12-04 17:08:25,122 [Worker-4] INFO  c.g.t.t.d.PublishedGradleVersions - Gradle version information cache is out-of-date. Trying to update.
2017-12-09 10:03:16,312 [Worker-5] INFO  c.g.t.t.d.PublishedGradleVersions - Gradle version information cache is out-of-date. Trying to update.
2017-12-16 12:36:56,914 [Worker-2] INFO  c.g.t.t.d.PublishedGradleVersions - Gradle version information cache is out-of-date. Trying to update.
2017-12-20 16:36:47,881 [Worker-1] INFO  c.g.t.t.d.PublishedGradleVersions - Gradle version information cache is out-of-date. Trying to update.
2017-12-28 15:19:30,324 [Worker-5] INFO  c.g.t.t.d.PublishedGradleVersions - Gradle version information cache is out-of-date. Trying to update.
2017-12-29 16:22:00,569 [Worker-2] INFO  c.g.t.t.d.PublishedGradleVersions - Gradle version information cache is out-of-date. Trying to update.
2018-01-04 18:04:38,173 [Worker-20] INFO  c.g.t.t.d.PublishedGradleVersions - Gradle version information cache is out-of-date. Trying to update.
2018-01-07 10:38:47,363 [Worker-30] INFO  c.g.t.t.d.PublishedGradleVersions - Gradle version information cache is out-of-date. Trying to update.
2018-01-20 16:24:21,725 [Worker-11] INFO  c.g.t.t.d.PublishedGradleVersions - Gradle version information cache is out-of-date. Trying to update.
2018-01-27 18:49:46,853 [Worker-51] INFO  c.g.t.t.d.PublishedGradleVersions - Gradle version information cache is out-of-date. Trying to update.
2018-02-03 21:29:58,761 [Worker-463] INFO  c.g.t.t.d.PublishedGradleVersions - Gradle version information cache is out-of-date. Trying to update.
2018-02-17 10:16:01,536 [Worker-5] INFO  c.g.t.t.d.PublishedGradleVersions - Gradle version information cache is out-of-date. Trying to update.
2018-02-19 11:07:22,035 [Worker-1] INFO  c.g.t.t.d.PublishedGradleVersions - Gradle version information cache is out-of-date. Trying to update.
2018-02-19 11:07:22,108 [Worker-1] INFO  c.g.t.t.d.PublishedGradleVersions - Updating Gradle version information cache failed. Using outdated cache.
2018-03-08 19:59:14,711 [Worker-7] INFO  c.g.t.t.d.PublishedGradleVersions - Gradle version information cache is out-of-date. Trying to update.
2018-03-16 22:02:56,810 [Worker-5] INFO  c.g.t.t.d.PublishedGradleVersions - Gradle version information cache is out-of-date. Trying to update.
2018-03-17 12:04:01,628 [Worker-1] INFO  c.g.t.t.d.PublishedGradleVersions - Gradle version information cache is up-to-date. Trying to read.
2018-03-25 09:38:26,864 [Worker-25] INFO  c.g.t.t.d.PublishedGradleVersions - Gradle version information cache is out-of-date. Trying to update.
2018-03-25 09:38:27,730 [Worker-19] WARN  org.eclipse.jgit.util.FS - Cannot run program "git" (in directory "\usr\bin"): CreateProcess error=2, The system cannot find the file specified
2018-03-28 20:18:54,093 [Worker-6] INFO  c.g.t.t.d.PublishedGradleVersions - Gradle version information cache is out-of-date. Trying to update.
2018-03-28 20:18:55,682 [Worker-7] WARN  org.eclipse.jgit.util.FS - Cannot run program "git" (in directory "\usr\bin"): CreateProcess error=2, The system cannot find the file specified
2018-03-30 21:21:46,684 [Worker-5] INFO  c.g.t.t.d.PublishedGradleVersions - Gradle version information cache is out-of-date. Trying to update.
2018-03-30 21:21:48,236 [Worker-4] WARN  org.eclipse.jgit.util.FS - Cannot run program "git" (in directory "\usr\bin"): CreateProcess error=2, The system cannot find the file specified
2018-04-02 20:28:59,119 [Worker-3] INFO  c.g.t.t.d.PublishedGradleVersions - Gradle version information cache is out-of-date. Trying to update.
2018-04-02 20:29:01,052 [Worker-2] WARN  org.eclipse.jgit.util.FS - Cannot run program "git" (in directory "\usr\bin"): CreateProcess error=2, The system cannot find the file specified
2018-04-04 17:05:04,213 [Worker-4] INFO  c.g.t.t.d.PublishedGradleVersions - Gradle version information cache is out-of-date. Trying to update.
2018-04-04 17:05:06,313 [Worker-1] WARN  org.eclipse.jgit.util.FS - Cannot run program "git" (in directory "\usr\bin"): CreateProcess error=2, The system cannot find the file specified
2018-04-10 22:24:03,424 [Worker-5] WARN  org.eclipse.jgit.util.FS - Cannot run program "git" (in directory "\usr\bin"): CreateProcess error=2, The system cannot find the file specified
2018-04-11 19:42:00,513 [Worker-338] INFO  c.g.t.t.d.PublishedGradleVersions - Gradle version information cache is out-of-date. Trying to update.
2018-04-19 21:28:24,014 [Worker-2] INFO  c.g.t.t.d.PublishedGradleVersions - Gradle version information cache is out-of-date. Trying to update.
2018-04-19 21:28:24,947 [Worker-16] WARN  org.eclipse.jgit.util.FS - Cannot run program "git" (in directory "\usr\bin"): CreateProcess error=2, The system cannot find the file specified
2018-04-24 21:31:31,999 [main] WARN  org.eclipse.jgit.util.FS - Cannot run program "git" (in directory "\usr\bin"): CreateProcess error=2, The system cannot find the file specified
2018-04-27 21:25:33,160 [main] WARN  org.eclipse.jgit.util.FS - Cannot run program "git" (in directory "\usr\bin"): CreateProcess error=2, The system cannot find the file specified
2018-04-27 21:25:34,657 [Worker-92] INFO  c.g.t.t.d.PublishedGradleVersions - Gradle version information cache is out-of-date. Trying to update.
2018-04-28 13:39:30,126 [Worker-0] WARN  org.eclipse.jgit.util.FS - Cannot run program "git" (in directory "\usr\bin"): CreateProcess error=2, The system cannot find the file specified
2018-04-28 13:45:27,868 [Worker-8] INFO  c.g.t.t.d.PublishedGradleVersions - Gradle version information cache is up-to-date. Trying to read.
2018-06-01 18:09:16,177 [Worker-5] WARN  org.eclipse.jgit.util.FS - Cannot run program "git" (in directory "\usr\bin"): CreateProcess error=2, The system cannot find the file specified
2018-06-01 18:16:12,194 [Worker-12] INFO  c.g.t.t.d.PublishedGradleVersions - Gradle version information cache is out-of-date. Trying to update.
2018-06-02 09:18:32,873 [Worker-0] INFO  c.g.t.t.d.PublishedGradleVersions - Gradle version information cache is up-to-date. Trying to read.
2018-06-02 09:18:34,040 [Worker-1] WARN  org.eclipse.jgit.util.FS - Cannot run program "git" (in directory "\usr\bin"): CreateProcess error=2, The system cannot find the file specified
2018-06-02 09:21:40,037 [Worker-1] INFO  c.g.t.t.d.PublishedGradleVersions - Gradle version information cache is up-to-date. Trying to read.
2018-06-02 09:21:41,264 [Worker-8] WARN  org.eclipse.jgit.util.FS - Cannot run program "git" (in directory "\usr\bin"): CreateProcess error=2, The system cannot find the file specified
2018-06-02 09:24:43,431 [Worker-1] INFO  c.g.t.t.d.PublishedGradleVersions - Gradle version information cache is up-to-date. Trying to read.
2018-06-02 09:24:44,254 [Worker-2] WARN  org.eclipse.jgit.util.FS - Cannot run program "git" (in directory "\usr\bin"): CreateProcess error=2, The system cannot find the file specified
2018-06-02 10:10:03,065 [Worker-1] INFO  c.g.t.t.d.PublishedGradleVersions - Gradle version information cache is up-to-date. Trying to read.
2018-06-02 10:10:03,922 [Worker-5] WARN  org.eclipse.jgit.util.FS - Cannot run program "git" (in directory "\usr\bin"): CreateProcess error=2, The system cannot find the file specified
2018-06-02 17:03:06,893 [Worker-4] INFO  c.g.t.t.d.PublishedGradleVersions - Gradle version information cache is up-to-date. Trying to read.
2018-06-02 17:03:09,428 [Worker-1] WARN  org.eclipse.jgit.util.FS - Cannot run program "git" (in directory "\usr\bin"): CreateProcess error=2, The system cannot find the file specified
2018-06-03 13:45:31,413 [Worker-1] INFO  c.g.t.t.d.PublishedGradleVersions - Gradle version information cache is out-of-date. Trying to update.
2018-06-03 13:45:33,145 [Worker-5] WARN  org.eclipse.jgit.util.FS - Cannot run program "git" (in directory "\usr\bin"): CreateProcess error=2, The system cannot find the file specified
2018-06-12 09:12:46,931 [Worker-3] INFO  c.g.t.t.d.PublishedGradleVersions - Gradle version information cache is out-of-date. Trying to update.
2018-06-12 09:12:48,509 [Worker-1] WARN  org.eclipse.jgit.util.FS - Cannot run program "git" (in directory "\usr\bin"): CreateProcess error=2, The system cannot find the file specified
2018-06-13 15:44:56,507 [Worker-0] INFO  c.g.t.t.d.PublishedGradleVersions - Gradle version information cache is out-of-date. Trying to update.
2018-06-13 15:44:58,300 [Worker-6] WARN  org.eclipse.jgit.util.FS - Cannot run program "git" (in directory "\usr\bin"): CreateProcess error=2, The system cannot find the file specified
2018-06-17 17:14:08,340 [Worker-4] INFO  c.g.t.t.d.PublishedGradleVersions - Gradle version information cache is out-of-date. Trying to update.
2018-06-17 17:14:09,737 [Worker-6] WARN  org.eclipse.jgit.util.FS - Cannot run program "git" (in directory "\usr\bin"): CreateProcess error=2, The system cannot find the file specified
2018-06-18 13:05:26,171 [Worker-2] INFO  c.g.t.t.d.PublishedGradleVersions - Gradle version information cache is up-to-date. Trying to read.
2018-06-18 13:05:27,789 [Worker-6] WARN  org.eclipse.jgit.util.FS - Cannot run program "git" (in directory "\usr\bin"): CreateProcess error=2, The system cannot find the file specified
2018-06-19 08:54:13,256 [Worker-1] INFO  c.g.t.t.d.PublishedGradleVersions - Gradle version information cache is out-of-date. Trying to update.
2018-06-19 08:54:15,331 [Worker-6] WARN  org.eclipse.jgit.util.FS - Cannot run program "git" (in directory "\usr\bin"): CreateProcess error=2, The system cannot find the file specified
2018-06-21 18:18:19,515 [Worker-6] INFO  c.g.t.t.d.PublishedGradleVersions - Gradle version information cache is out-of-date. Trying to update.
2018-06-21 18:18:21,888 [Worker-2] WARN  org.eclipse.jgit.util.FS - Cannot run program "git" (in directory "\usr\bin"): CreateProcess error=2, The system cannot find the file specified
2018-06-23 20:46:04,065 [Worker-4] INFO  c.g.t.t.d.PublishedGradleVersions - Gradle version information cache is out-of-date. Trying to update.
2018-06-23 20:46:05,913 [Worker-0] WARN  org.eclipse.jgit.util.FS - Cannot run program "git" (in directory "\usr\bin"): CreateProcess error=2, The system cannot find the file specified
2018-06-24 12:49:17,964 [Worker-0] INFO  c.g.t.t.d.PublishedGradleVersions - Gradle version information cache is up-to-date. Trying to read.
2018-06-24 12:49:19,462 [Worker-8] WARN  org.eclipse.jgit.util.FS - Cannot run program "git" (in directory "\usr\bin"): CreateProcess error=2, The system cannot find the file specified
2018-06-30 12:43:53,605 [Worker-5] INFO  c.g.t.t.d.PublishedGradleVersions - Gradle version information cache is out-of-date. Trying to update.
2018-06-30 12:43:54,860 [Worker-9] WARN  org.eclipse.jgit.util.FS - Cannot run program "git" (in directory "\usr\bin"): CreateProcess error=2, The system cannot find the file specified
2018-07-01 11:32:45,862 [Worker-0] INFO  c.g.t.t.d.PublishedGradleVersions - Gradle version information cache is up-to-date. Trying to read.
2018-07-01 11:32:47,662 [Worker-8] WARN  org.eclipse.jgit.util.FS - Cannot run program "git" (in directory "\usr\bin"): CreateProcess error=2, The system cannot find the file specified
2018-07-02 15:23:01,366 [Worker-5] INFO  c.g.t.t.d.PublishedGradleVersions - Gradle version information cache is out-of-date. Trying to update.
2018-07-02 15:23:03,188 [Worker-0] WARN  org.eclipse.jgit.util.FS - Cannot run program "git" (in directory "\usr\bin"): CreateProcess error=2, The system cannot find the file specified
2018-07-03 14:05:28,237 [Worker-2] INFO  c.g.t.t.d.PublishedGradleVersions - Gradle version information cache is up-to-date. Trying to read.
2018-07-03 14:05:29,928 [Worker-4] WARN  org.eclipse.jgit.util.FS - Cannot run program "git" (in directory "\usr\bin"): CreateProcess error=2, The system cannot find the file specified
2018-07-04 13:25:19,459 [Worker-5] INFO  c.g.t.t.d.PublishedGradleVersions - Gradle version information cache is out-of-date. Trying to update.
2018-07-04 13:25:21,293 [Worker-2] WARN  org.eclipse.jgit.util.FS - Cannot run program "git" (in directory "\usr\bin"): CreateProcess error=2, The system cannot find the file specified
2018-07-09 18:59:01,727 [Worker-5] INFO  c.g.t.t.d.PublishedGradleVersions - Gradle version information cache is out-of-date. Trying to update.
2018-07-09 18:59:03,243 [Worker-8] WARN  org.eclipse.jgit.util.FS - Cannot run program "git" (in directory "\usr\bin"): CreateProcess error=2, The system cannot find the file specified
2018-07-09 21:32:20,904 [Worker-5] INFO  c.g.t.t.d.PublishedGradleVersions - Gradle version information cache is up-to-date. Trying to read.
2018-07-09 21:32:22,850 [Worker-8] WARN  org.eclipse.jgit.util.FS - Cannot run program "git" (in directory "\usr\bin"): CreateProcess error=2, The system cannot find the file specified
2018-07-12 13:30:27,288 [Worker-2] INFO  c.g.t.t.d.PublishedGradleVersions - Gradle version information cache is out-of-date. Trying to update.
2018-07-12 13:30:29,111 [Worker-5] WARN  org.eclipse.jgit.util.FS - Cannot run program "git" (in directory "\usr\bin"): CreateProcess error=2, The system cannot find the file specified
2018-07-15 17:04:46,962 [Worker-6] INFO  c.g.t.t.d.PublishedGradleVersions - Gradle version information cache is out-of-date. Trying to update.
2018-07-15 17:04:49,455 [Worker-2] WARN  org.eclipse.jgit.util.FS - Cannot run program "git" (in directory "\usr\bin"): CreateProcess error=2, The system cannot find the file specified
2018-07-17 19:53:23,967 [Worker-6] INFO  c.g.t.t.d.PublishedGradleVersions - Gradle version information cache is out-of-date. Trying to update.
2018-07-17 19:53:25,855 [Worker-0] WARN  org.eclipse.jgit.util.FS - Cannot run program "git" (in directory "\usr\bin"): CreateProcess error=2, The system cannot find the file specified
2018-07-19 19:27:44,452 [Worker-5] INFO  c.g.t.t.d.PublishedGradleVersions - Gradle version information cache is out-of-date. Trying to update.
2018-07-19 19:27:47,048 [Worker-8] WARN  org.eclipse.jgit.util.FS - Cannot run program "git" (in directory "\usr\bin"): CreateProcess error=2, The system cannot find the file specified
2018-07-22 19:01:38,682 [Worker-0] INFO  c.g.t.t.d.PublishedGradleVersions - Gradle version information cache is out-of-date. Trying to update.
2018-07-22 19:01:40,434 [Worker-1] WARN  org.eclipse.jgit.util.FS - Cannot run program "git" (in directory "\usr\bin"): CreateProcess error=2, The system cannot find the file specified
2018-07-24 17:31:09,237 [Worker-5] INFO  c.g.t.t.d.PublishedGradleVersions - Gradle version information cache is out-of-date. Trying to update.
2018-07-24 17:31:11,756 [Worker-7] WARN  org.eclipse.jgit.util.FS - Cannot run program "git" (in directory "\usr\bin"): CreateProcess error=2, The system cannot find the file specified
2018-08-08 23:34:33,768 [Worker-5] INFO  c.g.t.t.d.PublishedGradleVersions - Gradle version information cache is out-of-date. Trying to update.
2018-08-08 23:34:35,416 [Worker-6] WARN  org.eclipse.jgit.util.FS - Cannot run program "git" (in directory "\usr\bin"): CreateProcess error=2, The system cannot find the file specified
2018-08-09 22:22:51,126 [Worker-4] INFO  c.g.t.t.d.PublishedGradleVersions - Gradle version information cache is up-to-date. Trying to read.
2018-08-09 22:22:52,935 [Worker-6] WARN  org.eclipse.jgit.util.FS - Cannot run program "git" (in directory "\usr\bin"): CreateProcess error=2, The system cannot find the file specified
2018-08-10 16:55:27,036 [Worker-2] INFO  c.g.t.t.d.PublishedGradleVersions - Gradle version information cache is out-of-date. Trying to update.
2018-08-10 16:55:28,961 [Worker-7] WARN  org.eclipse.jgit.util.FS - Cannot run program "git" (in directory "\usr\bin"): CreateProcess error=2, The system cannot find the file specified
2018-08-12 12:04:15,078 [Worker-2] INFO  c.g.t.t.d.PublishedGradleVersions - Gradle version information cache is out-of-date. Trying to update.
2018-08-12 12:04:17,269 [Worker-5] WARN  org.eclipse.jgit.util.FS - Cannot run program "git" (in directory "\usr\bin"): CreateProcess error=2, The system cannot find the file specified
2018-08-17 10:20:17,176 [Worker-6] INFO  c.g.t.t.d.PublishedGradleVersions - Gradle version information cache is out-of-date. Trying to update.
2018-08-17 10:20:18,881 [Worker-2] WARN  org.eclipse.jgit.util.FS - Cannot run program "git" (in directory "\usr\bin"): CreateProcess error=2, The system cannot find the file specified
2018-08-17 14:32:38,831 [Worker-2] INFO  c.g.t.t.d.PublishedGradleVersions - Gradle version information cache is up-to-date. Trying to read.
2018-08-17 14:32:42,289 [Worker-0] WARN  org.eclipse.jgit.util.FS - Cannot run program "git" (in directory "\usr\bin"): CreateProcess error=2, The system cannot find the file specified
2018-08-17 20:37:01,900 [Worker-3] INFO  c.g.t.t.d.PublishedGradleVersions - Gradle version information cache is up-to-date. Trying to read.
2018-08-17 20:37:03,600 [Worker-6] WARN  org.eclipse.jgit.util.FS - Cannot run program "git" (in directory "\usr\bin"): CreateProcess error=2, The system cannot find the file specified
2018-08-18 14:39:39,059 [Worker-1] INFO  c.g.t.t.d.PublishedGradleVersions - Gradle version information cache is out-of-date. Trying to update.
2018-08-18 14:39:41,187 [Worker-0] WARN  org.eclipse.jgit.util.FS - Cannot run program "git" (in directory "\usr\bin"): CreateProcess error=2, The system cannot find the file specified
2018-08-18 21:48:24,771 [Worker-5] INFO  c.g.t.t.d.PublishedGradleVersions - Gradle version information cache is up-to-date. Trying to read.
2018-08-18 21:48:26,955 [Worker-4] WARN  org.eclipse.jgit.util.FS - Cannot run program "git" (in directory "\usr\bin"): CreateProcess error=2, The system cannot find the file specified
2018-08-19 14:42:14,527 [Worker-1] INFO  c.g.t.t.d.PublishedGradleVersions - Gradle version information cache is out-of-date. Trying to update.
2018-08-19 14:42:16,286 [Worker-6] WARN  org.eclipse.jgit.util.FS - Cannot run program "git" (in directory "\usr\bin"): CreateProcess error=2, The system cannot find the file specified
2018-08-19 14:42:24,696 [Worker-1] INFO  c.g.t.t.d.PublishedGradleVersions - Updating Gradle version information cache failed. Using outdated cache.
2018-08-24 22:30:51,242 [Worker-5] INFO  c.g.t.t.d.PublishedGradleVersions - Gradle version information cache is out-of-date. Trying to update.
2018-08-24 22:30:53,730 [Worker-2] WARN  org.eclipse.jgit.util.FS - Cannot run program "git" (in directory "\usr\bin"): CreateProcess error=2, The system cannot find the file specified
2018-08-25 17:12:58,114 [Worker-1] INFO  c.g.t.t.d.PublishedGradleVersions - Gradle version information cache is up-to-date. Trying to read.
2018-08-25 17:12:59,888 [Worker-5] WARN  org.eclipse.jgit.util.FS - Cannot run program "git" (in directory "\usr\bin"): CreateProcess error=2, The system cannot find the file specified
2018-08-26 15:47:17,524 [Worker-1] INFO  c.g.t.t.d.PublishedGradleVersions - Gradle version information cache is out-of-date. Trying to update.
2018-08-26 15:47:19,280 [Worker-2] WARN  org.eclipse.jgit.util.FS - Cannot run program "git" (in directory "\usr\bin"): CreateProcess error=2, The system cannot find the file specified
2018-09-22 13:36:38,927 [Worker-0] INFO  c.g.t.t.d.PublishedGradleVersions - Gradle version information cache is out-of-date. Trying to update.
2018-10-06 14:09:40,298 [Worker-5] INFO  c.g.t.t.d.PublishedGradleVersions - Gradle version information cache is out-of-date. Trying to update.
2018-11-02 16:32:25,672 [Worker-6] INFO  c.g.t.t.d.PublishedGradleVersions - Gradle version information cache is out-of-date. Trying to update.
2018-11-02 20:22:38,500 [Worker-20] INFO  c.g.t.t.d.PublishedGradleVersions - Gradle version information cache is up-to-date. Trying to read.
2018-11-07 22:39:17,446 [Worker-2] INFO  c.g.t.t.d.PublishedGradleVersions - Gradle version information cache is out-of-date. Trying to update.
2019-03-05 23:39:39,576 [Worker-1] INFO  c.g.t.t.d.PublishedGradleVersions - Gradle version information cache is out-of-date. Trying to update.
2019-08-23 22:45:36,733 [Worker-4] INFO  c.g.t.t.d.PublishedGradleVersions - Gradle version information cache is out-of-date. Trying to update.
